Arguments: 
  F:\Program Files\nodejs\node.exe E:\Program Files (x86)\Yarn\bin\yarn.js add @components/TabBar/index --silent --no-progress

PATH: 
  F:\Program Files\nodejs\node_modules\npm\node_modules\npm-lifecycle\node-gyp-bin;F:\OwnDemo\hb_taro\node_modules\.bin;F:\Program Files\nodejs\node_global\node_modules\cnpm\node_modules\npm\node_modules\npm-lifecycle\node-gyp-bin;F:\OwnDemo\hb_taro\node_modules\.bin;C:\Program Files (x86)\Common Files\Oracle\Java\javapath;F:\app\hanzhecheng\product\11.2.0\client_1;E:\sybase\OLEDB;E:\sybase\ODBC;E:\sybase\ASEP_Win32;E:\sybase\OCS-12_5\dll;E:\sybase\OCS-12_5\lib3p;E:\sybase\OCS-12_5\bin;E:\app\hanzhecheng\product\11.2.0\client_1;E:\app\hanzhecheng\product\11.2.0\client_1\bin;F:\app\hanzhecheng\product\11.2.0\dbhome_1\bin;C:\Program Files (x86)\Lenovo\FusionEngine;C:\Program Files (x86)\NVIDIA Corporation\PhysX\Common;C:\Program Files (x86)\Intel\iCLS Client\;C:\Program Files\Intel\iCLS Client\;C:\windows\system32;C:\windows;C:\windows\System32\Wbem;C:\windows\System32\WindowsPowerShell\v1.0\;C:\Program Files\Intel\Intel(R) Management Engine Components\DAL;C:\Program Files\Intel\Intel(R) Management Engine Components\IPT;C:\Program Files (x86)\Intel\Intel(R) Management Engine Components\DAL;C:\Program Files (x86)\Intel\Intel(R) Management Engine Components\IPT;C:\Program Files\Intel\WiFi\bin\;C:\Program Files\Common Files\Intel\WirelessCommon\;C:\Program Files (x86)\Lenovo\Motion Control\;C:\Program Files\Microsoft\Web Platform Installer\;C:\Program Files (x86)\Microsoft ASP.NET\ASP.NET Web Pages\v1.0\;C:\Program Files (x86)\Windows Kits\8.0\Windows Performance Toolkit\;C:\Program Files\Microsoft SQL Server\110\Tools\Binn\;E:\Program Files (x86)\Borland\Delphi6\Bin;E:\Program Files (x86)\Borland\Delphi6\Projects\Bpl;C:\Program Files (x86)\Microsoft SQL Server\100\Tools\Binn\;C:\Program Files\Microsoft SQL Server\100\Tools\Binn\;C:\Program Files\Microsoft SQL Server\100\DTS\Binn\;C:\Program Files (x86)\Microsoft SQL Server\100\Tools\Binn\VSShell\Common7\IDE\;C:\Program Files (x86)\Microsoft Visual Studio 9.0\Common7\IDE\PrivateAssemblies\;C:\Program Files (x86)\Microsoft SQL Server\100\DTS\Binn\;C:\WINDOWS\system32;C:\WINDOWS;C:\WINDOWS\System32\Wbem;C:\WINDOWS\System32\WindowsPowerShell\v1.0\;C:\Program Files\Microsoft SQL Server\130\Tools\Binn\;C:\Program Files\dotnet\;E:\Program Files\TortoiseSVN\bin;E:\Program Files (x86)\VisualSVN\bin;C:\Program Files (x86)\Windows Kits\8.1\Windows Performance Toolkit\;E:\Python27;E:\Program Files\Git\cmd;E:\Program Files\PuTTY\;C:\WINDOWS\System32\OpenSSH\;E:\Program Files (x86)\Microsoft VS Code\bin;E:\Program Files (x86)\Yarn\bin\;F:\Program Files\nodejs\;E:\python36\Scripts\;E:\python36\;E:\Program Files (x86)\Microsoft VS Code\bin;C:\Users\hanzhecheng\AppData\Local\Microsoft\WindowsApps;E:\Program Files\nodejs\node_modules\npm\bin;E:\Program Files\nodejs\node_cache;F:\Program Files\nodejs;F:\Program Files\nodejs\node_global;E:\app\hanzhecheng\product\11.2.0\client_1\oci.dll;E:\Program Files (x86)\Microsoft Visual Studio 14.0\VC\bin;E:\mysql-5.7.19-winx64\mysql-5.7.19-winx64\bin;E:\Users\hanzhecheng\AppData\Local\Programs\Fiddler;C:\Program Files\Intel\WiFi\bin\;C:\Program Files\Common Files\Intel\WirelessCommon\;C:\Users\hanzhecheng\AppData\Local\Microsoft\WindowsApps;E:\Users\hanzhecheng\AppData\Local\Programs\Microsoft VS Code\bin;C:\Users\hanzhecheng\AppData\Local\Yarn\bin;F:\Program Files\nodejs\node_global\bin;C:\Users\hanzhecheng\AppData\Roaming\npm;C:\Users\hanzhecheng\.dotnet\tools

Yarn version: 
  1.10.1

Node version: 
  10.14.1

Platform: 
  win32 x64

Trace: 
  Error: https://registry.npm.taobao.org/@components%2fTabBar/index: Not found
      at Request.params.callback [as _callback] (E:\Program Files (x86)\Yarn\lib\cli.js:60182:18)
      at Request.self.callback (E:\Program Files (x86)\Yarn\lib\cli.js:120166:22)
      at Request.emit (events.js:182:13)
      at Request.<anonymous> (E:\Program Files (x86)\Yarn\lib\cli.js:121138:10)
      at Request.emit (events.js:182:13)
      at IncomingMessage.<anonymous> (E:\Program Files (x86)\Yarn\lib\cli.js:121060:12)
      at Object.onceWrapper (events.js:273:13)
      at IncomingMessage.emit (events.js:187:15)
      at endReadableNT (_stream_readable.js:1094:12)
      at process._tickCallback (internal/process/next_tick.js:63:19)

npm manifest: 
  {
    "name": "hb_taro",
    "version": "1.0.0",
    "private": true,
    "description": "函百小程序",
    "scripts": {
      "build:weapp": "taro build --type weapp",
      "build:swan": "taro build --type swan",
      "build:alipay": "taro build --type alipay",
      "build:tt": "taro build --type tt",
      "build:h5": "taro build --type h5",
      "build:rn": "taro build --type rn",
      "dev:weapp": "npm run build:weapp -- --watch",
      "dev:swan": "npm run build:swan -- --watch",
      "dev:alipay": "npm run build:alipay -- --watch",
      "dev:tt": "npm run build:tt -- --watch",
      "dev:h5": "npm run build:h5 -- --watch",
      "dev:rn": "npm run build:rn -- --watch"
    },
    "author": "",
    "license": "MIT",
    "dependencies": {
      "@tarojs/components": "1.2.8",
      "@tarojs/async-await": "1.2.8",
      "@tarojs/redux": "1.2.8",
      "@tarojs/redux-h5": "1.2.8",
      "@tarojs/router": "1.2.8",
      "@tarojs/taro": "1.2.8",
      "@tarojs/taro-alipay": "1.2.8",
      "@tarojs/taro-h5": "1.2.8",
      "@tarojs/taro-swan": "1.2.8",
      "@tarojs/taro-tt": "1.2.8",
      "@tarojs/taro-weapp": "1.2.8",
      "dva-core": "^1.4.0",
      "dva-loading": "^2.0.6",
      "nerv-devtools": "^1.3.9",
      "nervjs": "^1.3.9"
    },
    "devDependencies": {
      "@tarojs/plugin-babel": "1.2.8",
      "@tarojs/plugin-csso": "1.2.8",
      "@tarojs/plugin-sass": "1.2.8",
      "@tarojs/plugin-uglifyjs": "1.2.8",
      "@tarojs/webpack-runner": "1.2.8",
      "@types/react": "^16.4.6",
      "@types/webpack-env": "^1.13.6",
      "babel-eslint": "^8.2.3",
      "babel-plugin-transform-class-properties": "^6.24.1",
      "babel-plugin-transform-decorators-legacy": "^1.3.4",
      "babel-plugin-transform-jsx-stylesheet": "^0.6.5",
      "babel-plugin-transform-object-rest-spread": "^6.26.0",
      "babel-plugin-transform-runtime": "^6.23.0",
      "babel-preset-env": "^1.6.1",
      "eslint": "^4.19.1",
      "eslint-config-taro": "1.2.8",
      "eslint-plugin-import": "^2.12.0",
      "eslint-plugin-react": "^7.8.2",
      "eslint-plugin-taro": "1.2.8"
    }
  }

yarn manifest: 
  No manifest

Lockfile: 
  No lockfile
